<?xml version="1.0" encoding="UTF-8"?>
<testng-results skipped="0" failed="0" total="1" passed="1">
  <reporter-output>
  </reporter-output>
  <suite name="Default suite" duration-ms="17314" started-at="2016-07-12T18:40:14Z" finished-at="2016-07-12T18:40:31Z">
    <groups>
    </groups>
    <test name="Default test" duration-ms="17314" started-at="2016-07-12T18:40:14Z" finished-at="2016-07-12T18:40:31Z">
      <class name="com.BaseTest.BaseClass">
        <test-method status="PASS" signature="base()[pri:0, instance:com.BaseTest.BaseClass@11531931]" name="base" duration-ms="17298" started-at="2016-07-13T00:10:14Z" finished-at="2016-07-13T00:10:31Z">
          <reporter-output>
          </reporter-output>
        </test-method> <!-- base -->
      </class> <!-- com.BaseTest.BaseClass -->
    </test> <!-- Default test -->
  </suite> <!-- Default suite -->
</testng-results>
